Flow report for sisau
Wed May 22 10:13:16 2024
Quartus II Version 9.1 Build 350 03/24/2010 Service Pack 2 SJ Web Edition


---------------------
; Table of Contents ;
---------------------
  1. Legal Notice
  2. Flow Summary
  3. Flow Settings
  4. Flow Non-Default Global Settings
  5. Flow Elapsed Time
  6. Flow OS Summary
  7. Flow Log



----------------
; Legal Notice ;
----------------
Copyright (C) 1991-2010 Altera Corporation
Your use of Altera Corporation's design tools, logic functions 
and other software and tools, and its AMPP partner logic 
functions, and any output files from any of the foregoing 
(including device programming or simulation files), and any 
associated documentation or information are expressly subject 
to the terms and conditions of the Altera Program License 
Subscription Agreement, Altera MegaCore Function License 
Agreement, or other applicable license agreement, including, 
without limitation, that your use is for the sole purpose of 
programming logic devices manufactured by Altera and sold by 
Altera or its authorized distributors.  Please refer to the 
applicable agreement for further details.



+-----------------------------------------------------------------------------------+
; Flow Summary                                                                      ;
+------------------------------------+----------------------------------------------+
; Flow Status                        ; Successful - Wed May 22 10:13:16 2024        ;
; Quartus II Version                 ; 9.1 Build 350 03/24/2010 SP 2 SJ Web Edition ;
; Revision Name                      ; sisau                                        ;
; Top-level Entity Name              ; main                                         ;
; Family                             ; Cyclone II                                   ;
; Device                             ; EP2C5T144C8                                  ;
; Timing Models                      ; Final                                        ;
; Met timing requirements            ; No                                           ;
; Total logic elements               ; 169 / 4,608 ( 4 % )                          ;
;     Total combinational functions  ; 165 / 4,608 ( 4 % )                          ;
;     Dedicated logic registers      ; 118 / 4,608 ( 3 % )                          ;
; Total registers                    ; 118                                          ;
; Total pins                         ; 34 / 89 ( 38 % )                             ;
; Total virtual pins                 ; 0                                            ;
; Total memory bits                  ; 0 / 119,808 ( 0 % )                          ;
; Embedded Multiplier 9-bit elements ; 0 / 26 ( 0 % )                               ;
; Total PLLs                         ; 0 / 2 ( 0 % )                                ;
+------------------------------------+----------------------------------------------+


+-----------------------------------------+
; Flow Settings                           ;
+-------------------+---------------------+
; Option            ; Setting             ;
+-------------------+---------------------+
; Start date & time ; 05/22/2024 10:13:08 ;
; Main task         ; Compilation         ;
; Revision Name     ; sisau               ;
+-------------------+---------------------+


+------------------------------------------------------------------------------------------------------------------------------------------------------------------------------------------------------+
; Flow Non-Default Global Settings                                                                                                                                                                     ;
+------------------------------------+------------------------------------------------------------------------------------------------------------------+---------------+-------------+----------------+
; Assignment Name                    ; Value                                                                                                            ; Default Value ; Entity Name ; Section Id     ;
+------------------------------------+------------------------------------------------------------------------------------------------------------------+---------------+-------------+----------------+
; COMPILER_SIGNATURE_ID              ; 127872481521476.171636198823980                                                                                  ; --            ; --          ; --             ;
; MAX_CORE_JUNCTION_TEMP             ; 85                                                                                                               ; --            ; --          ; --             ;
; MIN_CORE_JUNCTION_TEMP             ; 0                                                                                                                ; --            ; --          ; --             ;
; MISC_FILE                          ; D:/FACULTATE/An_3/Proiect-GoDigital/sisau.dpf                                                                    ; --            ; --          ; --             ;
; MISC_FILE                          ; D:/Proiect-GoDigital/Proiect-GoDigital/sisau.dpf                                                                 ; --            ; --          ; --             ;
; MISC_FILE                          ; D:/FACULTATE/An_3/Proiect-GoDigital/Proiect-GoDigital/sisau.dpf                                                  ; --            ; --          ; --             ;
; MISC_FILE                          ; D:/Proiect-GoDigital/Proiect-GoDigital/Proiect-GoDigital/sisau.dpf                                               ; --            ; --          ; --             ;
; MISC_FILE                          ; D:/FACULTATE/An_3/Materiale Concurs Go-Digital/Proiect-GoDigital/Proiect-GoDigital/sisau.dpf                     ; --            ; --          ; --             ;
; MISC_FILE                          ; C:/Users/Maria/Desktop/GoDigital/teste/Proiect-GoDigital_telecomanda/sisau.dpf                                   ; --            ; --          ; --             ;
; MISC_FILE                          ; C:/Users/gabri/OneDrive/Desktop/GoDigital/teste/Proiect-GoDigital_comanda_senzori_v2/Proiect-GoDigital/sisau.dpf ; --            ; --          ; --             ;
; MISC_FILE                          ; C:/Users/Maria/Desktop/Proiect-GoDigital/Proiect-GoDigital-optimizare v1/Proiect-GoDigital/sisau.dpf             ; --            ; --          ; --             ;
; MISC_FILE                          ; C:/Users/Maria/Desktop/Proiect-GoDigital/sisau-car-godigital/Proiect-GoDigital/sisau.dpf                         ; --            ; --          ; --             ;
; MISC_FILE                          ; C:/Users/gabri/OneDrive/Desktop/GoDigital/sisau-car-godigital/Proiect-GoDigital/sisau.dpf                        ; --            ; --          ; --             ;
; MISC_FILE                          ; C:/Users/Maria/Desktop/GoDigital/sisau-car-godigital-TEST/Proiect-GoDigital/sisau.dpf                            ; --            ; --          ; --             ;
; MISC_FILE                          ; C:/Users/gabri/OneDrive/Desktop/GoDigital/sisau-car-godigital_TEST/Proiect-GoDigital/sisau.dpf                   ; --            ; --          ; --             ;
; PARTITION_COLOR                    ; 16764057                                                                                                         ; --            ; main        ; Top            ;
; PARTITION_NETLIST_TYPE             ; SOURCE                                                                                                           ; --            ; main        ; Top            ;
; TOP_LEVEL_ENTITY                   ; main                                                                                                             ; sisau         ; --          ; --             ;
; USE_GENERATED_PHYSICAL_CONSTRAINTS ; Off                                                                                                              ; --            ; --          ; eda_blast_fpga ;
+------------------------------------+------------------------------------------------------------------------------------------------------------------+---------------+-------------+----------------+


+-----------------------------------------------------------------------------------------------------------------------------+
; Flow Elapsed Time                                                                                                           ;
+-------------------------+--------------+-------------------------+---------------------+------------------------------------+
; Module Name             ; Elapsed Time ; Average Processors Used ; Peak Virtual Memory ; Total CPU Time (on all processors) ;
+-------------------------+--------------+-------------------------+---------------------+------------------------------------+
; Analysis & Synthesis    ; 00:00:02     ; 1.0                     ; 222 MB              ; 00:00:01                           ;
; Fitter                  ; 00:00:02     ; 1.0                     ; 224 MB              ; 00:00:01                           ;
; Assembler               ; 00:00:01     ; 1.0                     ; 198 MB              ; 00:00:00                           ;
; Classic Timing Analyzer ; 00:00:01     ; 1.0                     ; 159 MB              ; 00:00:00                           ;
; Total                   ; 00:00:06     ; --                      ; --                  ; 00:00:02                           ;
+-------------------------+--------------+-------------------------+---------------------+------------------------------------+


+------------------------------------------------------------------------------------------+
; Flow OS Summary                                                                          ;
+-------------------------+------------------+---------------+------------+----------------+
; Module Name             ; Machine Hostname ; OS Name       ; OS Version ; Processor type ;
+-------------------------+------------------+---------------+------------+----------------+
; Analysis & Synthesis    ; Gabriel          ; Windows Vista ; 6.2        ; x86_64         ;
; Fitter                  ; Gabriel          ; Windows Vista ; 6.2        ; x86_64         ;
; Assembler               ; Gabriel          ; Windows Vista ; 6.2        ; x86_64         ;
; Classic Timing Analyzer ; Gabriel          ; Windows Vista ; 6.2        ; x86_64         ;
+-------------------------+------------------+---------------+------------+----------------+


------------
; Flow Log ;
------------
quartus_map --read_settings_files=on --write_settings_files=off sisau -c sisau
quartus_fit --read_settings_files=off --write_settings_files=off sisau -c sisau
quartus_asm --read_settings_files=off --write_settings_files=off sisau -c sisau
quartus_tan --read_settings_files=off --write_settings_files=off sisau -c sisau --timing_analysis_only



